
> hello-codeschool-project@1.0.0 test C:\Users\Natasha\Documents\GitHub\HelloCodeSchoolProject
> mocha test/



  Your HTML Page
    1) should have a title @title
    2) should have a title that contains your name @title
    3) should have a h1 element @h1
    4) should have content in the h1 element @h1
    5) should have a ul @ul
    6) should have at least 2 li elements @li
    7) should have content for all `li` elements. @li


  0 passing (497ms)
  7 failing

  1) Your HTML Page should have a title @title:
     AssertionError: Make sure to create a `title` element.: expected 0 to equal 1
      at Context.<anonymous> (C:\Users\Natasha\Documents\GitHub\HelloCodeSchoolProject\test\index_test.js:21:12)
      at callFn (C:\Users\Natasha\Documents\GitHub\HelloCodeSchoolProject\node_modules\mocha\lib\runnable.js:326:21)
      at Test.Runnable.run (C:\Users\Natasha\Documents\GitHub\HelloCodeSchoolProject\node_modules\mocha\lib\runnable.js:319:7)
      at Runner.runTest (C:\Users\Natasha\Documents\GitHub\HelloCodeSchoolProject\node_modules\mocha\lib\runner.js:422:10)
      at C:\Users\Natasha\Documents\GitHub\HelloCodeSchoolProject\node_modules\mocha\lib\runner.js:528:12
      at next (C:\Users\Natasha\Documents\GitHub\HelloCodeSchoolProject\node_modules\mocha\lib\runner.js:342:14)
      at C:\Users\Natasha\Documents\GitHub\HelloCodeSchoolProject\node_modules\mocha\lib\runner.js:352:7
      at next (C:\Users\Natasha\Documents\GitHub\HelloCodeSchoolProject\node_modules\mocha\lib\runner.js:284:14)
      at Immediate.<anonymous> (C:\Users\Natasha\Documents\GitHub\HelloCodeSchoolProject\node_modules\mocha\lib\runner.js:320:5)

  2) Your HTML Page should have a title that contains your name @title:
     AssertionError: Make sure to set the content of the `title` element to your Code School username.: expected '' to not equal ''
      at Context.<anonymous> (C:\Users\Natasha\Documents\GitHub\HelloCodeSchoolProject\test\index_test.js:25:12)
      at callFn (C:\Users\Natasha\Documents\GitHub\HelloCodeSchoolProject\node_modules\mocha\lib\runnable.js:326:21)
      at Test.Runnable.run (C:\Users\Natasha\Documents\GitHub\HelloCodeSchoolProject\node_modules\mocha\lib\runnable.js:319:7)
      at Runner.runTest (C:\Users\Natasha\Documents\GitHub\HelloCodeSchoolProject\node_modules\mocha\lib\runner.js:422:10)
      at C:\Users\Natasha\Documents\GitHub\HelloCodeSchoolProject\node_modules\mocha\lib\runner.js:528:12
      at next (C:\Users\Natasha\Documents\GitHub\HelloCodeSchoolProject\node_modules\mocha\lib\runner.js:342:14)
      at C:\Users\Natasha\Documents\GitHub\HelloCodeSchoolProject\node_modules\mocha\lib\runner.js:352:7
      at next (C:\Users\Natasha\Documents\GitHub\HelloCodeSchoolProject\node_modules\mocha\lib\runner.js:284:14)
      at Immediate.<anonymous> (C:\Users\Natasha\Documents\GitHub\HelloCodeSchoolProject\node_modules\mocha\lib\runner.js:320:5)

  3) Your HTML Page should have a h1 element @h1:
     AssertionError: Make sure to create an `h1` element.: expected 0 to be at least 1
      at Function.assert.isAtLeast (C:\Users\Natasha\Documents\GitHub\HelloCodeSchoolProject\node_modules\chai\lib\chai\interface\assert.js:274:35)
      at Context.<anonymous> (C:\Users\Natasha\Documents\GitHub\HelloCodeSchoolProject\test\index_test.js:29:12)
      at callFn (C:\Users\Natasha\Documents\GitHub\HelloCodeSchoolProject\node_modules\mocha\lib\runnable.js:326:21)
      at Test.Runnable.run (C:\Users\Natasha\Documents\GitHub\HelloCodeSchoolProject\node_modules\mocha\lib\runnable.js:319:7)
      at Runner.runTest (C:\Users\Natasha\Documents\GitHub\HelloCodeSchoolProject\node_modules\mocha\lib\runner.js:422:10)
      at C:\Users\Natasha\Documents\GitHub\HelloCodeSchoolProject\node_modules\mocha\lib\runner.js:528:12
      at next (C:\Users\Natasha\Documents\GitHub\HelloCodeSchoolProject\node_modules\mocha\lib\runner.js:342:14)
      at C:\Users\Natasha\Documents\GitHub\HelloCodeSchoolProject\node_modules\mocha\lib\runner.js:352:7
      at next (C:\Users\Natasha\Documents\GitHub\HelloCodeSchoolProject\node_modules\mocha\lib\runner.js:284:14)
      at Immediate.<anonymous> (C:\Users\Natasha\Documents\GitHub\HelloCodeSchoolProject\node_modules\mocha\lib\runner.js:320:5)

  4) Your HTML Page should have content in the h1 element @h1:
     AssertionError: Make sure to set the content of your `h1` element to 'Hello, Code School!'.: expected '' to equal 'Hello, Code School!'
      at Context.<anonymous> (C:\Users\Natasha\Documents\GitHub\HelloCodeSchoolProject\test\index_test.js:33:12)
      at callFn (C:\Users\Natasha\Documents\GitHub\HelloCodeSchoolProject\node_modules\mocha\lib\runnable.js:326:21)
      at Test.Runnable.run (C:\Users\Natasha\Documents\GitHub\HelloCodeSchoolProject\node_modules\mocha\lib\runnable.js:319:7)
      at Runner.runTest (C:\Users\Natasha\Documents\GitHub\HelloCodeSchoolProject\node_modules\mocha\lib\runner.js:422:10)
      at C:\Users\Natasha\Documents\GitHub\HelloCodeSchoolProject\node_modules\mocha\lib\runner.js:528:12
      at next (C:\Users\Natasha\Documents\GitHub\HelloCodeSchoolProject\node_modules\mocha\lib\runner.js:342:14)
      at C:\Users\Natasha\Documents\GitHub\HelloCodeSchoolProject\node_modules\mocha\lib\runner.js:352:7
      at next (C:\Users\Natasha\Documents\GitHub\HelloCodeSchoolProject\node_modules\mocha\lib\runner.js:284:14)
      at Immediate.<anonymous> (C:\Users\Natasha\Documents\GitHub\HelloCodeSchoolProject\node_modules\mocha\lib\runner.js:320:5)

  5) Your HTML Page should have a ul @ul:
     AssertionError: Make sure to create a `ul` element.: expected 0 to be at least 1
      at Function.assert.isAtLeast (C:\Users\Natasha\Documents\GitHub\HelloCodeSchoolProject\node_modules\chai\lib\chai\interface\assert.js:274:35)
      at Context.<anonymous> (C:\Users\Natasha\Documents\GitHub\HelloCodeSchoolProject\test\index_test.js:37:12)
      at callFn (C:\Users\Natasha\Documents\GitHub\HelloCodeSchoolProject\node_modules\mocha\lib\runnable.js:326:21)
      at Test.Runnable.run (C:\Users\Natasha\Documents\GitHub\HelloCodeSchoolProject\node_modules\mocha\lib\runnable.js:319:7)
      at Runner.runTest (C:\Users\Natasha\Documents\GitHub\HelloCodeSchoolProject\node_modules\mocha\lib\runner.js:422:10)
      at C:\Users\Natasha\Documents\GitHub\HelloCodeSchoolProject\node_modules\mocha\lib\runner.js:528:12
      at next (C:\Users\Natasha\Documents\GitHub\HelloCodeSchoolProject\node_modules\mocha\lib\runner.js:342:14)
      at C:\Users\Natasha\Documents\GitHub\HelloCodeSchoolProject\node_modules\mocha\lib\runner.js:352:7
      at next (C:\Users\Natasha\Documents\GitHub\HelloCodeSchoolProject\node_modules\mocha\lib\runner.js:284:14)
      at Immediate.<anonymous> (C:\Users\Natasha\Documents\GitHub\HelloCodeSchoolProject\node_modules\mocha\lib\runner.js:320:5)

  6) Your HTML Page should have at least 2 li elements @li:
     AssertionError: Make sure to create at least 2 `li` elements.: expected 0 to be at least 2
      at Function.assert.isAtLeast (C:\Users\Natasha\Documents\GitHub\HelloCodeSchoolProject\node_modules\chai\lib\chai\interface\assert.js:274:35)
      at Context.<anonymous> (C:\Users\Natasha\Documents\GitHub\HelloCodeSchoolProject\test\index_test.js:41:12)
      at callFn (C:\Users\Natasha\Documents\GitHub\HelloCodeSchoolProject\node_modules\mocha\lib\runnable.js:326:21)
      at Test.Runnable.run (C:\Users\Natasha\Documents\GitHub\HelloCodeSchoolProject\node_modules\mocha\lib\runnable.js:319:7)
      at Runner.runTest (C:\Users\Natasha\Documents\GitHub\HelloCodeSchoolProject\node_modules\mocha\lib\runner.js:422:10)
      at C:\Users\Natasha\Documents\GitHub\HelloCodeSchoolProject\node_modules\mocha\lib\runner.js:528:12
      at next (C:\Users\Natasha\Documents\GitHub\HelloCodeSchoolProject\node_modules\mocha\lib\runner.js:342:14)
      at C:\Users\Natasha\Documents\GitHub\HelloCodeSchoolProject\node_modules\mocha\lib\runner.js:352:7
      at next (C:\Users\Natasha\Documents\GitHub\HelloCodeSchoolProject\node_modules\mocha\lib\runner.js:284:14)
      at Immediate.<anonymous> (C:\Users\Natasha\Documents\GitHub\HelloCodeSchoolProject\node_modules\mocha\lib\runner.js:320:5)

  7) Your HTML Page should have content for all `li` elements. @li:
     AssertionError: Make sure to include something you want to learn for each `li` element.: expected '' to not equal ''
      at Context.<anonymous> (C:\Users\Natasha\Documents\GitHub\HelloCodeSchoolProject\test\index_test.js:46:12)
      at callFn (C:\Users\Natasha\Documents\GitHub\HelloCodeSchoolProject\node_modules\mocha\lib\runnable.js:326:21)
      at Test.Runnable.run (C:\Users\Natasha\Documents\GitHub\HelloCodeSchoolProject\node_modules\mocha\lib\runnable.js:319:7)
      at Runner.runTest (C:\Users\Natasha\Documents\GitHub\HelloCodeSchoolProject\node_modules\mocha\lib\runner.js:422:10)
      at C:\Users\Natasha\Documents\GitHub\HelloCodeSchoolProject\node_modules\mocha\lib\runner.js:528:12
      at next (C:\Users\Natasha\Documents\GitHub\HelloCodeSchoolProject\node_modules\mocha\lib\runner.js:342:14)
      at C:\Users\Natasha\Documents\GitHub\HelloCodeSchoolProject\node_modules\mocha\lib\runner.js:352:7
      at next (C:\Users\Natasha\Documents\GitHub\HelloCodeSchoolProject\node_modules\mocha\lib\runner.js:284:14)
      at Immediate.<anonymous> (C:\Users\Natasha\Documents\GitHub\HelloCodeSchoolProject\node_modules\mocha\lib\runner.js:320:5)



